This is pdfTeX, Version 3.141592653-2.6-1.40.24 (TeX Live 2022/CVE-2023-32700 patched) (preloaded format=pdflatex 2023.10.30)  20 NOV 2023 23:53
entering extended mode
 restricted \write18 enabled.
 %&-line parsing enabled.
**main.tex
(./main.tex
LaTeX2e <2022-06-01> patch level 5
L3 programming layer <2022-12-17>
(/usr/share/texlive/texmf-dist/tex/latex/base/article.cls
Document Class: article 2021/10/04 v1.4n Standard LaTeX document class
(/usr/share/texlive/texmf-dist/tex/latex/base/size10.clo
File: size10.clo 2021/10/04 v1.4n Standard LaTeX file (size option)
)
\c@part=\count185
\c@section=\count186
\c@subsection=\count187
\c@subsubsection=\count188
\c@paragraph=\count189
\c@subparagraph=\count190
\c@figure=\count191
\c@table=\count192
\abovecaptionskip=\skip47
\belowcaptionskip=\skip48
\bibindent=\dimen140
)
(/usr/share/texlive/texmf-dist/tex/latex/base/inputenc.sty
Package: inputenc 2021/02/14 v1.3d Input encoding file
\inpenc@prehook=\toks16
\inpenc@posthook=\toks17
)
(/usr/share/texlive/texmf-dist/tex/latex/base/fontenc.sty
Package: fontenc 2021/04/29 v2.0v Standard LaTeX package
)
(/usr/share/texlive/texmf-dist/tex/generic/babel/babel.sty
Package: babel 2022/12/26 3.84 The Babel package
\babel@savecnt=\count193
\U@D=\dimen141
\l@unhyphenated=\language3

(/usr/share/texlive/texmf-dist/tex/generic/babel/txtbabel.def)
\bbl@readstream=\read2
\bbl@dirlevel=\count194

(/usr/share/texlive/texmf-dist/tex/generic/babel-hungarian/magyar.ldf
Language: hungarian 2019/01/14 v1.5c Magyar (Hungarian) support for babel
Package babel Info: Making ` an active character on input line 2819.
\c@footnote@add=\count195
\c@footnote@ch=\count196
))
(/usr/share/texlive/texmf-dist/tex/generic/babel/locale/hu/babel-hungarian.tex
Package babel Info: Importing font and identification data for hungarian
(babel)             from babel-hu.ini. Reported on input line 11.
) (/usr/share/texlive/texmf-dist/tex/latex/l3backend/l3backend-pdftex.def
File: l3backend-pdftex.def 2022-10-26 L3 backend support: PDF output (pdfTeX)
\l__color_backend_stack_int=\count197
\l__pdf_internal_box=\box51
)
(./main.aux)
\openout1 = `main.aux'.

LaTeX Font Info:    Checking defaults for OML/cmm/m/it on input line 6.
LaTeX Font Info:    ... okay on input line 6.
LaTeX Font Info:    Checking defaults for OMS/cmsy/m/n on input line 6.
LaTeX Font Info:    ... okay on input line 6.
LaTeX Font Info:    Checking defaults for OT1/cmr/m/n on input line 6.
LaTeX Font Info:    ... okay on input line 6.
LaTeX Font Info:    Checking defaults for T1/cmr/m/n on input line 6.
LaTeX Font Info:    ... okay on input line 6.
LaTeX Font Info:    Checking defaults for TS1/cmr/m/n on input line 6.
LaTeX Font Info:    ... okay on input line 6.
LaTeX Font Info:    Checking defaults for OMX/cmex/m/n on input line 6.
LaTeX Font Info:    ... okay on input line 6.
LaTeX Font Info:    Checking defaults for U/cmr/m/n on input line 6.
LaTeX Font Info:    ... okay on input line 6.


Package hungarian.ldf Warning: All Hungarian hyphenation= patterns missing.
(hungarian.ldf)                To make LaTeX hyphenate Hungarian words, please
(hungarian.ldf)                modify language.dat and rerun initex or texconfi
g.

(/usr/share/texlive/texmf-dist/tex/latex/base/article.cls
LaTeX Info: Redefining \cal on input line 497.
LaTeX Info: Redefining \mit on input line 498.
)
LaTeX Font Info:    External font `cmex10' loaded for size
(Font)              <12> on input line 11.
LaTeX Font Info:    External font `cmex10' loaded for size
(Font)              <8> on input line 11.
LaTeX Font Info:    External font `cmex10' loaded for size
(Font)              <6> on input line 11.

Overfull \hbox (31.13037pt too wide) in paragraph at lines 14--15
\T1/cmr/m/n/10 mozgó átlagát használja, hanem a múltbeli gradiensek végtelen no
rmáját (maximumát).
 []


Overfull \hbox (5.88654pt too wide) in paragraph at lines 14--15
\T1/cmr/m/n/10 ahol más algoritmusok belassulnának, különösen a mély neurális h
álók képzésekor. 
 []


Overfull \hbox (13.25974pt too wide) in paragraph at lines 20--21
\T1/cmr/m/n/10 Nadam egy olyan optimalizációs algoritmus, amely a Nesterov Acce
lerated Gradient
 []


Overfull \hbox (6.84354pt too wide) in paragraph at lines 20--21
\T1/cmr/m/n/10 algoritmus el®nyeit, kihasználva a NAG momentum tagot a gyorsabb
 konvergencia
 []


Overfull \hbox (6.43161pt too wide) in paragraph at lines 20--21
\T1/cmr/m/n/10 és az Adam adaptív tanulási ráta el®nyeiért. A Nadamról ismert, 
hogy hatékonyan
 []

[1


{/var/lib/texmf/fonts/map/pdftex/updmap/pdftex.map}] [2] (./main.aux) ) 
Here is how much of TeX's memory you used:
 2627 strings out of 478126
 46991 string characters out of 5842786
 1854793 words of memory out of 6000000
 22724 multiletter control sequences out of 15000+600000
 518861 words of font info for 46 fonts, out of 8000000 for 9000
 14 hyphenation exceptions out of 8191
 40i,6n,52p,602b,363s stack positions out of 10000i,1000n,20000p,200000b,200000s
{/usr/sh
are/texlive/texmf-dist/fonts/enc/dvips/cm-super/cm-super-t1.enc}</usr/share/tex
live/texmf-dist/fonts/type1/public/cm-super/sfbx1440.pfb></usr/share/texlive/te
xmf-dist/fonts/type1/public/cm-super/sfrm1000.pfb></usr/share/texlive/texmf-dis
t/fonts/type1/public/cm-super/sfrm1200.pfb></usr/share/texlive/texmf-dist/fonts
/type1/public/cm-super/sfrm1728.pfb>
Output written on main.pdf (2 pages, 65573 bytes).
PDF statistics:
 32 PDF objects out of 1000 (max. 8388607)
 19 compressed objects within 1 object stream
 0 named destinations out of 1000 (max. 500000)
 1 words of extra memory for PDF output out of 10000 (max. 10000000)

